#
# There is insufficient memory for the Java Runtime Environment to continue.
# Native memory allocation (malloc) failed to allocate 1543696 bytes for Chunk::new
# Possible reasons:
#   The system is out of physical RAM or swap space
#   The process is running with CompressedOops enabled, and the Java Heap may be blocking the growth of the native heap
# Possible solutions:
#   Reduce memory load on the system
#   Increase physical memory or swap space
#   Check if swap backing store is full
#   Decrease Java heap size (-Xmx/-Xms)
#   Decrease number of Java threads
#   Decrease Java thread stack sizes (-Xss)
#   Set larger code cache with -XX:ReservedCodeCacheSize=
#   JVM is running with Zero Based Compressed Oops mode in which the Java heap is
#     placed in the first 32GB address space. The Java Heap base address is the
#     maximum limit for the native heap growth. Please use -XX:HeapBaseMinAddress
#     to set the Java Heap base and to place the Java Heap above 32GB virtual address.
# This output file may be truncated or incomplete.
#
#  Out of Memory Error (arena.cpp:189), pid=4404, tid=14016
#
# JRE version: OpenJDK Runtime Environment JBR-17.0.6+10-829.9-nomod (17.0.6+10) (build 17.0.6+10-b829.9)
# Java VM: OpenJDK 64-Bit Server VM JBR-17.0.6+10-829.9-nomod (17.0.6+10-b829.9, mixed mode, tiered, compressed oops, compressed class ptrs, g1 gc, windows-amd64)
# No core dump will be written. Minidumps are not enabled by default on client versions of Windows
#

---------------  S U M M A R Y ------------

Command Line: org.jetbrains.kotlin.cli.jvm.K2JVMCompiler @C:\Users\pthel\Documents\RespalyzerProject\app\build\20230518_10354810098573103107.compiler.options

Host: 12th Gen Intel(R) Core(TM) i7-12700H, 20 cores, 15G,  Windows 11 , 64 bit Build 22621 (10.0.22621.1635)
Time: Thu May 18 16:01:42 2023 SA Pacific Standard Time elapsed time: 11.930434 seconds (0d 0h 0m 11s)

---------------  T H R E A D  ---------------

Current thread (0x00000208434d4020):  JavaThread "C2 CompilerThread0" daemon [_thread_in_native, id=14016, stack(0x000000e5c4700000,0x000000e5c4800000)]


Current CompileTask:
C2:  11930 11245       4       org.jetbrains.kotlin.backend.jvm.mapping.MethodSignatureMapper::mapSignature (573 bytes)

Stack: [0x000000e5c4700000,0x000000e5c4800000]
Native frames: (J=compiled Java code, j=interpreted, Vv=VM code, C=native code)
V  [jvm.dll+0x683c5a]
V  [jvm.dll+0x842764]
V  [jvm.dll+0x843f5e]
V  [jvm.dll+0x8445c3]
V  [jvm.dll+0x249b75]
V  [jvm.dll+0xabcac]
V  [jvm.dll+0xac27c]
V  [jvm.dll+0x2b0eef]
V  [jvm.dll+0x58a267]
V  [jvm.dll+0x2243b2]
V  [jvm.dll+0x22478f]
V  [jvm.dll+0x21e055]
V  [jvm.dll+0x21b51b]
V  [jvm.dll+0x1a4fdd]
V  [jvm.dll+0x22b098]
V  [jvm.dll+0x229159]
V  [jvm.dll+0x7f81ac]
V  [jvm.dll+0x7f270a]
V  [jvm.dll+0x682a95]
C  [ucrtbase.dll+0x29363]
C  [KERNEL32.DLL+0x126ad]
C  [ntdll.dll+0x5a9f8]


---------------  P R O C E S S  ---------------

Threads class SMR info:
_java_thread_list=0x000002084613eea0, length=16, elements={
0x0000020822d5c3e0, 0x0000020843484270, 0x0000020843484e20, 0x00000208434b3f00,
0x00000208434b4ab0, 0x00000208434b7470, 0x00000208434b7e20, 0x00000208434d4020,
0x00000208434d8500, 0x00000208434e15d0, 0x000002084361d920, 0x000002084362e2a0,
0x000002084363ed20, 0x000002084393b980, 0x00000208439c5570, 0x000002084832e6d0
}

Java Threads: ( => current thread )
  0x0000020822d5c3e0 JavaThread "main" [_thread_in_Java, id=31288, stack(0x000000e5c3a00000,0x000000e5c3b00000)]
  0x0000020843484270 JavaThread "Reference Handler" daemon [_thread_blocked, id=17852, stack(0x000000e5c4100000,0x000000e5c4200000)]
  0x0000020843484e20 JavaThread "Finalizer" daemon [_thread_blocked, id=17880, stack(0x000000e5c4200000,0x000000e5c4300000)]
  0x00000208434b3f00 JavaThread "Signal Dispatcher" daemon [_thread_blocked, id=17984, stack(0x000000e5c4300000,0x000000e5c4400000)]
  0x00000208434b4ab0 JavaThread "Attach Listener" daemon [_thread_blocked, id=5552, stack(0x000000e5c4400000,0x000000e5c4500000)]
  0x00000208434b7470 JavaThread "Service Thread" daemon [_thread_blocked, id=26348, stack(0x000000e5c4500000,0x000000e5c4600000)]
  0x00000208434b7e20 JavaThread "Monitor Deflation Thread" daemon [_thread_blocked, id=17980, stack(0x000000e5c4600000,0x000000e5c4700000)]
=>0x00000208434d4020 JavaThread "C2 CompilerThread0" daemon [_thread_in_native, id=14016, stack(0x000000e5c4700000,0x000000e5c4800000)]
  0x00000208434d8500 JavaThread "C1 CompilerThread0" daemon [_thread_blocked, id=20940, stack(0x000000e5c4800000,0x000000e5c4900000)]
  0x00000208434e15d0 JavaThread "Sweeper thread" daemon [_thread_blocked, id=31264, stack(0x000000e5c4900000,0x000000e5c4a00000)]
  0x000002084361d920 JavaThread "C1 CompilerThread1" daemon [_thread_blocked, id=13284, stack(0x000000e5c4a00000,0x000000e5c4b00000)]
  0x000002084362e2a0 JavaThread "Notification Thread" daemon [_thread_blocked, id=26772, stack(0x000000e5c4b00000,0x000000e5c4c00000)]
  0x000002084363ed20 JavaThread "Common-Cleaner" daemon [_thread_blocked, id=14592, stack(0x000000e5c4d00000,0x000000e5c4e00000)]
  0x000002084393b980 JavaThread "C1 CompilerThread2" daemon [_thread_blocked, id=24316, stack(0x000000e5c4f00000,0x000000e5c5000000)]
  0x00000208439c5570 JavaThread "C1 CompilerThread3" daemon [_thread_blocked, id=30044, stack(0x000000e5c5000000,0x000000e5c5100000)]
  0x000002084832e6d0 JavaThread "C2 CompilerThread1" daemon [_thread_in_native, id=22088, stack(0x000000e5c4e00000,0x000000e5c4f00000)]

Other Threads:
  0x000002084283ed10 VMThread "VM Thread" [stack: 0x000000e5c4000000,0x000000e5c4100000] [id=30116]
  0x0000020822df7860 WatcherThread [stack: 0x000000e5c4c00000,0x000000e5c4d00000] [id=28476]
  0x0000020822dc5b40 GCTaskThread "GC Thread#0" [stack: 0x000000e5c3b00000,0x000000e5c3c00000] [id=22644]
  0x0000020843b2e020 GCTaskThread "GC Thread#1" [stack: 0x000000e5c5100000,0x000000e5c5200000] [id=29940]
  0x0000020843b2e2d0 GCTaskThread "GC Thread#2" [stack: 0x000000e5c5200000,0x000000e5c5300000] [id=30536]
  0x0000020843b58410 GCTaskThread "GC Thread#3" [stack: 0x000000e5c5300000,0x000000e5c5400000] [id=23420]
  0x0000020843b586c0 GCTaskThread "GC Thread#4" [stack: 0x000000e5c5400000,0x000000e5c5500000] [id=23436]
  0x0000020843b58970 GCTaskThread "GC Thread#5" [stack: 0x000000e5c5500000,0x000000e5c5600000] [id=31656]
  0x00000208448a5060 GCTaskThread "GC Thread#6" [stack: 0x000000e5c5600000,0x000000e5c5700000] [id=11116]
  0x00000208448a55c0 GCTaskThread "GC Thread#7" [stack: 0x000000e5c5700000,0x000000e5c5800000] [id=27752]
  0x00000208448a5310 GCTaskThread "GC Thread#8" [stack: 0x000000e5c5800000,0x000000e5c5900000] [id=10580]
  0x00000208448a5870 GCTaskThread "GC Thread#9" [stack: 0x000000e5c5900000,0x000000e5c5a00000] [id=8264]
  0x00000208448a4850 GCTaskThread "GC Thread#10" [stack: 0x000000e5c5e00000,0x000000e5c5f00000] [id=20864]
  0x00000208448a4b00 GCTaskThread "GC Thread#11" [stack: 0x000000e5c5f00000,0x000000e5c6000000] [id=27956]
  0x0000020844f9d830 GCTaskThread "GC Thread#12" [stack: 0x000000e5c6000000,0x000000e5c6100000] [id=30452]
  0x0000020844f9c2b0 GCTaskThread "GC Thread#13" [stack: 0x000000e5c6100000,0x000000e5c6200000] [id=5980]
  0x0000020844f9c560 GCTaskThread "GC Thread#14" [stack: 0x000000e5c5d00000,0x000000e5c5e00000] [id=20388]
  0x0000020822dd6600 ConcurrentGCThread "G1 Main Marker" [stack: 0x000000e5c3c00000,0x000000e5c3d00000] [id=14712]
  0x0000020822dd7170 ConcurrentGCThread "G1 Conc#0" [stack: 0x000000e5c3d00000,0x000000e5c3e00000] [id=18364]
  0x00000208448a4040 ConcurrentGCThread "G1 Conc#1" [stack: 0x000000e5c5a00000,0x000000e5c5b00000] [id=4896]
  0x00000208448a4db0 ConcurrentGCThread "G1 Conc#2" [stack: 0x000000e5c5b00000,0x000000e5c5c00000] [id=30744]
  0x00000208448a5b20 ConcurrentGCThread "G1 Conc#3" [stack: 0x000000e5c5c00000,0x000000e5c5d00000] [id=8756]
  0x00000208426f5410 ConcurrentGCThread "G1 Refine#0" [stack: 0x000000e5c3e00000,0x000000e5c3f00000] [id=29892]
  0x00000208489d4d30 ConcurrentGCThread "G1 Refine#1" [stack: 0x000000e5c6200000,0x000000e5c6300000] [id=16372]
  0x0000020846d83eb0 ConcurrentGCThread "G1 Refine#2" [stack: 0x000000e5c6300000,0x000000e5c6400000] [id=16468]
  0x0000020846d81f10 ConcurrentGCThread "G1 Refine#3" [stack: 0x000000e5c6400000,0x000000e5c6500000] [id=12088]
  0x0000020846d827b0 ConcurrentGCThread "G1 Refine#4" [stack: 0x000000e5c6500000,0x000000e5c6600000] [id=31492]
  0x0000020846d83610 ConcurrentGCThread "G1 Refine#5" [stack: 0x000000e5c6600000,0x000000e5c6700000] [id=19620]
  0x0000020846d838f0 ConcurrentGCThread "G1 Refine#6" [stack: 0x000000e5c6700000,0x000000e5c6800000] [id=17924]
  0x0000020848dcbee0 ConcurrentGCThread "G1 Refine#7" [stack: 0x000000e5c6800000,0x000000e5c6900000] [id=2684]
  0x00000208426f6ce0 ConcurrentGCThread "G1 Service" [stack: 0x000000e5c3f00000,0x000000e5c4000000] [id=4672]

Threads with active compile tasks:
C2 CompilerThread0    12045 11245       4       org.jetbrains.kotlin.backend.jvm.mapping.MethodSignatureMapper::mapSignature (573 bytes)
C2 CompilerThread1    12045 11371       4       org.jetbrains.kotlin.backend.jvm.mapping.MethodSignatureMapper::mapFunctionName (342 bytes)

VM state: not at safepoint (normal execution)

VM Mutex/Monitor currently owned by a thread: None

Heap address: 0x0000000704800000, size: 4024 MB, Compressed Oops mode: Zero based, Oop shift amount: 3

CDS archive(s) not mapped
Compressed class space mapped at: 0x0000000800000000-0x0000000840000000, reserved size: 1073741824
Narrow klass base: 0x0000000800000000, Narrow klass shift: 0, Narrow klass range: 0x40000000

GC Precious Log:
 CPUs: 20 total, 20 available
 Memory: 16095M
 Large Page Support: Disabled
 NUMA Support: Disabled
 Compressed Oops: Enabled (Zero based)
 Heap Region Size: 2M
 Heap Min Capacity: 8M
 Heap Initial Capacity: 252M
 Heap Max Capacity: 4024M
 Pre-touch: Disabled
 Parallel Workers: 15
 Concurrent Workers: 4
 Concurrent Refinement Workers: 15
 Periodic GC: Disabled

Heap:
 garbage-first heap   total 178176K, used 110213K [0x0000000704800000, 0x0000000800000000)
  region size 2048K, 19 young (38912K), 3 survivors (6144K)
 Metaspace       used 78194K, committed 78528K, reserved 1122304K
  class space    used 8775K, committed 8960K, reserved 1048576K

Heap Regions: E=young(eden), S=young(survivor), O=old, HS=humongous(starts), HC=humongous(continues), CS=collection set, F=free, OA=open archive, CA=closed archive, TAMS=top-at-mark-start (previous, next)
|   0|0x0000000704800000, 0x0000000704a00000, 0x0000000704a00000|100%|HS|  |TAMS 0x0000000704a00000, 0x0000000704800000| Complete 
|   1|0x0000000704a00000, 0x0000000704c00000, 0x0000000704c00000|100%|HC|  |TAMS 0x0000000704c00000, 0x0000000704a00000| Complete 
|   2|0x0000000704c00000, 0x0000000704e00000, 0x0000000704e00000|100%| O|  |TAMS 0x0000000704e00000, 0x0000000704c00000| Untracked 
|   3|0x0000000704e00000, 0x0000000705000000, 0x0000000705000000|100%|HS|  |TAMS 0x0000000705000000, 0x0000000704e00000| Complete 
|   4|0x0000000705000000, 0x0000000705200000, 0x0000000705200000|100%|HC|  |TAMS 0x0000000705200000, 0x0000000705000000| Complete 
|   5|0x0000000705200000, 0x0000000705400000, 0x0000000705400000|100%| O|  |TAMS 0x0000000705400000, 0x0000000705200000| Untracked 
|   6|0x0000000705400000, 0x0000000705600000, 0x0000000705600000|100%| O|  |TAMS 0x0000000705600000, 0x0000000705400000| Untracked 
|   7|0x0000000705600000, 0x0000000705800000, 0x0000000705800000|100%| O|  |TAMS 0x0000000705800000, 0x0000000705600000| Untracked 
|   8|0x0000000705800000, 0x0000000705a00000, 0x0000000705a00000|100%| O|  |TAMS 0x0000000705a00000, 0x0000000705800000| Untracked 
|   9|0x0000000705a00000, 0x0000000705c00000, 0x0000000705c00000|100%| O|  |TAMS 0x0000000705c00000, 0x0000000705a00000| Untracked 
|  10|0x0000000705c00000, 0x0000000705e00000, 0x0000000705e00000|100%|HS|  |TAMS 0x0000000705e00000, 0x0000000705c00000| Complete 
|  11|0x0000000705e00000, 0x0000000706000000, 0x0000000706000000|100%| O|  |TAMS 0x0000000706000000, 0x0000000705e00000| Untracked 
|  12|0x0000000706000000, 0x0000000706200000, 0x0000000706200000|100%| O|  |TAMS 0x0000000706200000, 0x0000000706000000| Untracked 
|  13|0x0000000706200000, 0x0000000706400000, 0x0000000706400000|100%| O|  |TAMS 0x0000000706400000, 0x0000000706200000| Untracked 
|  14|0x0000000706400000, 0x0000000706600000, 0x0000000706600000|100%| O|  |TAMS 0x0000000706600000, 0x0000000706400000| Untracked 
|  15|0x0000000706600000, 0x0000000706800000, 0x0000000706800000|100%| O|  |TAMS 0x0000000706800000, 0x0000000706600000| Untracked 
|  16|0x0000000706800000, 0x0000000706a00000, 0x0000000706a00000|100%| O|  |TAMS 0x0000000706a00000, 0x0000000706800000| Untracked 
|  17|0x0000000706a00000, 0x0000000706c00000, 0x0000000706c00000|100%| O|  |TAMS 0x0000000706c00000, 0x0000000706a00000| Untracked 
|  18|0x0000000706c00000, 0x0000000706e00000, 0x0000000706e00000|100%| O|  |TAMS 0x0000000706e00000, 0x0000000706c00000| Untracked 
|  19|0x0000000706e00000, 0x0000000707000000, 0x0000000707000000|100%| O|  |TAMS 0x0000000706e00000, 0x0000000706e00000| Untracked 
|  20|0x0000000707000000, 0x0000000707200000, 0x0000000707200000|100%| O|  |TAMS 0x0000000707000000, 0x0000000707000000| Untracked 
|  21|0x0000000707200000, 0x0000000707400000, 0x0000000707400000|100%| O|  |TAMS 0x0000000707200000, 0x0000000707200000| Untracked 
|  22|0x0000000707400000, 0x0000000707600000, 0x0000000707600000|100%| O|  |TAMS 0x0000000707400000, 0x0000000707400000| Untracked 
|  23|0x0000000707600000, 0x0000000707800000, 0x0000000707800000|100%| O|  |TAMS 0x0000000707600000, 0x0000000707600000| Untracked 
|  24|0x0000000707800000, 0x0000000707a00000, 0x0000000707a00000|100%| O|  |TAMS 0x0000000707800000, 0x0000000707800000| Untracked 
|  25|0x0000000707a00000, 0x0000000707c00000, 0x0000000707c00000|100%| O|  |TAMS 0x0000000707a00000, 0x0000000707a00000| Untracked 
|  26|0x0000000707c00000, 0x0000000707e00000, 0x0000000707e00000|100%| O|  |TAMS 0x0000000707c00000, 0x0000000707c00000| Untracked 
|  27|0x0000000707e00000, 0x0000000708000000, 0x0000000708000000|100%| O|  |TAMS 0x0000000707e00000, 0x0000000707e00000| Untracked 
|  28|0x0000000708000000, 0x0000000708200000, 0x0000000708200000|100%| O|  |TAMS 0x0000000708000000, 0x0000000708000000| Untracked 
|  29|0x0000000708200000, 0x0000000708400000, 0x0000000708400000|100%| O|  |TAMS 0x0000000708200000, 0x0000000708200000| Untracked 
|  30|0x0000000708400000, 0x0000000708600000, 0x0000000708600000|100%| O|  |TAMS 0x0000000708400000, 0x0000000708400000| Untracked 
|  31|0x0000000708600000, 0x0000000708800000, 0x0000000708800000|100%| O|  |TAMS 0x0000000708600000, 0x0000000708600000| Untracked 
|  32|0x0000000708800000, 0x0000000708a00000, 0x0000000708a00000|100%| O|  |TAMS 0x0000000708800000, 0x0000000708800000| Untracked 
|  33|0x0000000708a00000, 0x0000000708c00000, 0x0000000708c00000|100%| O|  |TAMS 0x0000000708a00000, 0x0000000708a00000| Untracked 
|  34|0x0000000708c00000, 0x0000000708e00000, 0x0000000708e00000|100%| O|  |TAMS 0x0000000708c00000, 0x0000000708c00000| Untracked 
|  35|0x0000000708e00000, 0x0000000708f64200, 0x0000000709000000| 69%| O|  |TAMS 0x0000000708e00000, 0x0000000708e00000| Untracked 
|  36|0x0000000709000000, 0x0000000709000000, 0x0000000709200000|  0%| F|  |TAMS 0x0000000709000000, 0x0000000709000000| Untracked 
|  37|0x0000000709200000, 0x0000000709200000, 0x0000000709400000|  0%| F|  |TAMS 0x0000000709200000, 0x0000000709200000| Untracked 
|  38|0x0000000709400000, 0x0000000709400000, 0x0000000709600000|  0%| F|  |TAMS 0x0000000709400000, 0x0000000709400000| Untracked 
|  39|0x0000000709600000, 0x0000000709600000, 0x0000000709800000|  0%| F|  |TAMS 0x0000000709600000, 0x0000000709600000| Untracked 
|  40|0x0000000709800000, 0x0000000709800000, 0x0000000709a00000|  0%| F|  |TAMS 0x0000000709800000, 0x0000000709800000| Untracked 
|  41|0x0000000709a00000, 0x0000000709a00000, 0x0000000709c00000|  0%| F|  |TAMS 0x0000000709a00000, 0x0000000709a00000| Untracked 
|  42|0x0000000709c00000, 0x0000000709c00000, 0x0000000709e00000|  0%| F|  |TAMS 0x0000000709c00000, 0x0000000709c00000| Untracked 
|  43|0x0000000709e00000, 0x0000000709e00000, 0x000000070a000000|  0%| F|  |TAMS 0x0000000709e00000, 0x0000000709e00000| Untracked 
|  44|0x000000070a000000, 0x000000070a000000, 0x000000070a200000|  0%| F|  |TAMS 0x000000070a000000, 0x000000070a000000| Untracked 
|  45|0x000000070a200000, 0x000000070a200000, 0x000000070a400000|  0%| F|  |TAMS 0x000000070a200000, 0x000000070a200000| Untracked 
|  46|0x000000070a400000, 0x000000070a400000, 0x000000070a600000|  0%| F|  |TAMS 0x000000070a400000, 0x000000070a400000| Untracked 
|  47|0x000000070a600000, 0x000000070a600000, 0x000000070a800000|  0%| F|  |TAMS 0x000000070a600000, 0x000000070a600000| Untracked 
|  48|0x000000070a800000, 0x000000070a800000, 0x000000070aa00000|  0%| F|  |TAMS 0x000000070a800000, 0x000000070a800000| Untracked 
|  49|0x000000070aa00000, 0x000000070aa00000, 0x000000070ac00000|  0%| F|  |TAMS 0x000000070aa00000, 0x000000070aa00000| Untracked 
|  50|0x000000070ac00000, 0x000000070ac00000, 0x000000070ae00000|  0%| F|  |TAMS 0x000000070ac00000, 0x000000070ac00000| Untracked 
|  51|0x000000070ae00000, 0x000000070ae3d480, 0x000000070b000000| 11%| S|CS|TAMS 0x000000070ae00000, 0x000000070ae00000| Complete 
|  52|0x000000070b000000, 0x000000070b200000, 0x000000070b200000|100%| S|CS|TAMS 0x000000070b000000, 0x000000070b000000| Complete 
|  53|0x000000070b200000, 0x000000070b400000, 0x000000070b400000|100%| S|CS|TAMS 0x000000070b200000, 0x000000070b200000| Complete 
|  54|0x000000070b400000, 0x000000070b400000, 0x000000070b600000|  0%| F|  |TAMS 0x000000070b400000, 0x000000070b400000| Untracked 
|  55|0x000000070b600000, 0x000000070b600000, 0x000000070b800000|  0%| F|  |TAMS 0x000000070b600000, 0x000000070b600000| Untracked 
|  56|0x000000070b800000, 0x000000070b800000, 0x000000070ba00000|  0%| F|  |TAMS 0x000000070b800000, 0x000000070b800000| Untracked 
|  57|0x000000070ba00000, 0x000000070ba00000, 0x000000070bc00000|  0%| F|  |TAMS 0x000000070ba00000, 0x000000070ba00000| Untracked 
|  58|0x000000070bc00000, 0x000000070bc00000, 0x000000070be00000|  0%| F|  |TAMS 0x000000070bc00000, 0x000000070bc00000| Untracked 
|  59|0x000000070be00000, 0x000000070be00000, 0x000000070c000000|  0%| F|  |TAMS 0x000000070be00000, 0x000000070be00000| Untracked 
|  60|0x000000070c000000, 0x000000070c000000, 0x000000070c200000|  0%| F|  |TAMS 0x000000070c000000, 0x000000070c000000| Untracked 
|  61|0x000000070c200000, 0x000000070c200000, 0x000000070c400000|  0%| F|  |TAMS 0x000000070c200000, 0x000000070c200000| Untracked 
|  62|0x000000070c400000, 0x000000070c400000, 0x000000070c600000|  0%| F|  |TAMS 0x000000070c400000, 0x000000070c400000| Untracked 
|  63|0x000000070c600000, 0x000000070c600000, 0x000000070c800000|  0%| F|  |TAMS 0x000000070c600000, 0x000000070c600000| Untracked 
|  64|0x000000070c800000, 0x000000070c800000, 0x000000070ca00000|  0%| F|  |TAMS 0x000000070c800000, 0x000000070c800000| Untracked 
|  65|0x000000070ca00000, 0x000000070ca00000, 0x000000070cc00000|  0%| F|  |TAMS 0x000000070ca00000, 0x000000070ca00000| Untracked 
|  66|0x000000070cc00000, 0x000000070cc00000, 0x000000070ce00000|  0%| F|  |TAMS 0x000000070cc00000, 0x000000070cc00000| Untracked 
|  67|0x000000070ce00000, 0x000000070ce00000, 0x000000070d000000|  0%| F|  |TAMS 0x000000070ce00000, 0x000000070ce00000| Untracked 
|  68|0x000000070d000000, 0x000000070d000000, 0x000000070d200000|  0%| F|  |TAMS 0x000000070d000000, 0x000000070d000000| Untracked 
|  69|0x000000070d200000, 0x000000070d200000, 0x000000070d400000|  0%| F|  |TAMS 0x000000070d200000, 0x000000070d200000| Untracked 
|  70|0x000000070d400000, 0x000000070d500800, 0x000000070d600000| 50%| E|  |TAMS 0x000000070d400000, 0x000000070d400000| Complete 
|  71|0x000000070d600000, 0x000000070d800000, 0x000000070d800000|100%| E|CS|TAMS 0x000000070d600000, 0x000000070d600000| Complete 
|  72|0x000000070d800000, 0x000000070da00000, 0x000000070da00000|100%| E|CS|TAMS 0x000000070d800000, 0x000000070d800000| Complete 
|  73|0x000000070da00000, 0x000000070dc00000, 0x000000070dc00000|100%| E|CS|TAMS 0x000000070da00000, 0x000000070da00000| Complete 
|  74|0x000000070dc00000, 0x000000070de00000, 0x000000070de00000|100%| E|CS|TAMS 0x000000070dc00000, 0x000000070dc00000| Complete 
|  75|0x000000070de00000, 0x000000070e000000, 0x000000070e000000|100%| E|CS|TAMS 0x000000070de00000, 0x000000070de00000| Complete 
|  76|0x000000070e000000, 0x000000070e200000, 0x000000070e200000|100%| E|CS|TAMS 0x000000070e000000, 0x000000070e000000| Complete 
|  77|0x000000070e200000, 0x000000070e400000, 0x000000070e400000|100%| E|CS|TAMS 0x000000070e200000, 0x000000070e200000| Complete 
|  78|0x000000070e400000, 0x000000070e600000, 0x000000070e600000|100%| E|CS|TAMS 0x000000070e400000, 0x000000070e400000| Complete 
|  79|0x000000070e600000, 0x000000070e800000, 0x000000070e800000|100%| E|CS|TAMS 0x000000070e600000, 0x000000070e600000| Complete 
|  80|0x000000070e800000, 0x000000070ea00000, 0x000000070ea00000|100%| E|CS|TAMS 0x000000070e800000, 0x000000070e800000| Complete 
|  81|0x000000070ea00000, 0x000000070ec00000, 0x000000070ec00000|100%| E|CS|TAMS 0x000000070ea00000, 0x000000070ea00000| Complete 
|  82|0x000000070ec00000, 0x000000070ee00000, 0x000000070ee00000|100%| E|CS|TAMS 0x000000070ec00000, 0x000000070ec00000| Complete 
|  83|0x000000070ee00000, 0x000000070f000000, 0x000000070f000000|100%| E|CS|TAMS 0x000000070ee00000, 0x000000070ee00000| Complete 
|  84|0x000000070f000000, 0x000000070f200000, 0x000000070f200000|100%| E|CS|TAMS 0x000000070f000000, 0x000000070f000000| Complete 
| 125|0x0000000714200000, 0x0000000714400000, 0x0000000714400000|100%| E|CS|TAMS 0x0000000714200000, 0x0000000714200000| Complete 
|2011|0x00000007ffe00000, 0x0000000800000000, 0x0000000800000000|100%| O|  |TAMS 0x0000000800000000, 0x00000007ffe00000| Untracked 

Card table byte_map: [0x00000208367c0000,0x0000020836fa0000] _byte_map_base: 0x0000020832f9c000

Marking Bits (Prev, Next): (CMBitMap*) 0x0000020822dc6190, (CMBitMap*) 0x0000020822dc6150
 Prev Bits: [0x000002083b660000, 0x000002083f540000)
 Next Bits: [0x0000020837780000, 0x000002083b660000)

Polling page: 0x0000020820cd0000

Metaspace:

Usage:
  Non-class:     67.81 MB used.
      Class:      8.57 MB used.
       Both:     76.39 MB used.

Virtual space:
  Non-class space:       72.00 MB reserved,      67.94 MB ( 94%) committed,  9 nodes.
      Class space:        1.00 GB reserved,       8.75 MB ( <1%) committed,  1 nodes.
             Both:        1.07 GB reserved,      76.69 MB (  7%) committed. 

Chunk freelists:
   Non-Class:  3.69 MB
       Class:  3.27 MB
        Both:  6.95 MB

MaxMetaspaceSize: unlimited
CompressedClassSpaceSize: 1.00 GB
Initial GC threshold: 21.00 MB
Current GC threshold: 98.44 MB
CDS: off
MetaspaceReclaimPolicy: balanced
 - commit_granule_bytes: 65536.
 - commit_granule_words: 8192.
 - virtual_space_node_default_size: 1048576.
 - enlarge_chunks_in_place: 1.
 - new_chunks_are_fully_committed: 0.
 - uncommit_free_chunks: 1.
 - use_allocation_guard: 0.
 - handle_deallocations: 1.


Internal statistics:

num_allocs_failed_limit: 9.
num_arena_births: 306.
num_arena_deaths: 0.
num_vsnodes_births: 10.
num_vsnodes_deaths: 0.
num_space_committed: 1225.
num_space_uncommitted: 0.
num_chunks_returned_to_freelist: 9.
num_chunks_taken_from_freelist: 2709.
num_chunk_merges: 9.
num_chunk_splits: 2237.
num_chunks_enlarged: 2000.
num_purges: 0.
num_inconsistent_stats: 0.

CodeHeap 'non-profiled nmethods': size=119168Kb used=4388Kb max_used=4388Kb free=114779Kb
 bounds [0x000002082e0c0000, 0x000002082e510000, 0x0000020835520000]
CodeHeap 'profiled nmethods': size=119104Kb used=22609Kb max_used=22609Kb free=96494Kb
 bounds [0x0000020826520000, 0x0000020827b40000, 0x000002082d970000]
CodeHeap 'non-nmethods': size=7488Kb used=3090Kb max_used=3141Kb free=4397Kb
 bounds [0x000002082d970000, 0x000002082dc90000, 0x000002082e0c0000]
 total_blobs=10442 nmethods=9711 adapters=637
 compilation: enabled
              stopped_count=0, restarted_count=0
 full_count=0

Compilation events (20 events):
Event: 11.891 Thread 0x000002084393b980 11394       2       org.jetbrains.kotlin.protobuf.GeneratedMessageLite$GeneratedExtension::fromFieldSetType (84 bytes)
Event: 11.891 Thread 0x00000208434d8500 11395       1       org.jetbrains.kotlin.serialization.deserialization.ProtoContainer::getNameResolver (5 bytes)
Event: 11.891 Thread 0x00000208434d8500 nmethod 11395 0x000002082e503690 code [0x000002082e503820, 0x000002082e5038f8]
Event: 11.891 Thread 0x000002084393b980 nmethod 11394 0x0000020827b21f90 code [0x0000020827b221c0, 0x0000020827b22778]
Event: 11.892 Thread 0x00000208434d8500 11397       2       org.jetbrains.kotlin.com.intellij.psi.AbstractFileViewProvider::getPsi (65 bytes)
Event: 11.892 Thread 0x00000208439c5570 11398       2       org.jetbrains.kotlin.com.intellij.psi.SingleRootFileViewProvider::getPsiInner (141 bytes)
Event: 11.893 Thread 0x000002084361d920 11399   !   2       org.jetbrains.kotlin.com.intellij.openapi.extensions.impl.ExtensionPointImpl::getExtensions (87 bytes)
Event: 11.894 Thread 0x00000208434d8500 nmethod 11397 0x0000020827b22a90 code [0x0000020827b22cc0, 0x0000020827b23198]
Event: 11.894 Thread 0x000002084393b980 11400       1       org.jetbrains.kotlin.backend.jvm.codegen.ClassCodegen::getType (5 bytes)
Event: 11.895 Thread 0x00000208434d8500 11401       2       org.jetbrains.org.objectweb.asm.tree.AnnotationNode::<init> (25 bytes)
Event: 11.895 Thread 0x00000208439c5570 nmethod 11398 0x0000020827b23490 code [0x0000020827b23740, 0x0000020827b23e08]
Event: 11.895 Thread 0x000002084361d920 nmethod 11399 0x0000020827b24290 code [0x0000020827b24480, 0x0000020827b249c8]
Event: 11.895 Thread 0x00000208439c5570 11402       2       org.jetbrains.org.objectweb.asm.tree.AnnotationNode::<init> (11 bytes)
Event: 11.895 Thread 0x000002084393b980 nmethod 11400 0x000002082e503990 code [0x000002082e503b20, 0x000002082e503bf8]
Event: 11.895 Thread 0x00000208434d8500 nmethod 11401 0x0000020827b24c90 code [0x0000020827b24e40, 0x0000020827b250d8]
Event: 11.895 Thread 0x00000208439c5570 nmethod 11402 0x0000020827b25210 code [0x0000020827b253c0, 0x0000020827b25568]
Event: 11.928 Thread 0x000002084393b980 11403       2       java.util.Stack::<init> (5 bytes)
Event: 11.929 Thread 0x00000208434d8500 11404       2       java.util.Vector::<init> (7 bytes)
Event: 11.929 Thread 0x000002084361d920 11405       2       java.util.Vector::<init> (7 bytes)
Event: 11.929 Thread 0x00000208439c5570 11406       2       java.util.Vector::<init> (49 bytes)

GC Heap History (20 events):
Event: 5.477 GC heap before
{Heap before GC invocations=11 (full 0):
 garbage-first heap   total 96256K, used 69098K [0x0000000704800000, 0x0000000800000000)
  region size 2048K, 20 young (40960K), 1 survivors (2048K)
 Metaspace       used 51658K, committed 51904K, reserved 1097728K
  class space    used 6153K, committed 6272K, reserved 1048576K
}
Event: 5.489 GC heap after
{Heap after GC invocations=12 (full 0):
 garbage-first heap   total 147456K, used 34937K [0x0000000704800000, 0x0000000800000000)
  region size 2048K, 3 young (6144K), 3 survivors (6144K)
 Metaspace       used 51658K, committed 51904K, reserved 1097728K
  class space    used 6153K, committed 6272K, reserved 1048576K
}
Event: 6.360 GC heap before
{Heap before GC invocations=12 (full 0):
 garbage-first heap   total 147456K, used 100473K [0x0000000704800000, 0x0000000800000000)
  region size 2048K, 35 young (71680K), 3 survivors (6144K)
 Metaspace       used 55178K, committed 55488K, reserved 1097728K
  class space    used 6478K, committed 6656K, reserved 1048576K
}
Event: 6.375 GC heap after
{Heap after GC invocations=13 (full 0):
 garbage-first heap   total 147456K, used 43230K [0x0000000704800000, 0x0000000800000000)
  region size 2048K, 4 young (8192K), 4 survivors (8192K)
 Metaspace       used 55178K, committed 55488K, reserved 1097728K
  class space    used 6478K, committed 6656K, reserved 1048576K
}
Event: 7.204 GC heap before
{Heap before GC invocations=13 (full 0):
 garbage-first heap   total 147456K, used 106718K [0x0000000704800000, 0x0000000800000000)
  region size 2048K, 35 young (71680K), 4 survivors (8192K)
 Metaspace       used 58620K, committed 59008K, reserved 1105920K
  class space    used 6855K, committed 7040K, reserved 1048576K
}
Event: 7.220 GC heap after
{Heap after GC invocations=14 (full 0):
 garbage-first heap   total 147456K, used 51185K [0x0000000704800000, 0x0000000800000000)
  region size 2048K, 4 young (8192K), 4 survivors (8192K)
 Metaspace       used 58620K, committed 59008K, reserved 1105920K
  class space    used 6855K, committed 7040K, reserved 1048576K
}
Event: 7.556 GC heap before
{Heap before GC invocations=14 (full 0):
 garbage-first heap   total 147456K, used 63473K [0x0000000704800000, 0x0000000800000000)
  region size 2048K, 11 young (22528K), 4 survivors (8192K)
 Metaspace       used 60050K, committed 60416K, reserved 1105920K
  class space    used 7021K, committed 7232K, reserved 1048576K
}
Event: 7.570 GC heap after
{Heap after GC invocations=15 (full 0):
 garbage-first heap   total 147456K, used 53680K [0x0000000704800000, 0x0000000800000000)
  region size 2048K, 1 young (2048K), 1 survivors (2048K)
 Metaspace       used 60050K, committed 60416K, reserved 1105920K
  class space    used 7021K, committed 7232K, reserved 1048576K
}
Event: 8.775 GC heap before
{Heap before GC invocations=16 (full 0):
 garbage-first heap   total 147456K, used 108976K [0x0000000704800000, 0x0000000800000000)
  region size 2048K, 28 young (57344K), 1 survivors (2048K)
 Metaspace       used 65724K, committed 66048K, reserved 1114112K
  class space    used 7572K, committed 7744K, reserved 1048576K
}
Event: 8.788 GC heap after
{Heap after GC invocations=17 (full 0):
 garbage-first heap   total 147456K, used 61336K [0x0000000704800000, 0x0000000800000000)
  region size 2048K, 4 young (8192K), 4 survivors (8192K)
 Metaspace       used 65724K, committed 66048K, reserved 1114112K
  class space    used 7572K, committed 7744K, reserved 1048576K
}
Event: 8.815 GC heap before
{Heap before GC invocations=17 (full 0):
 garbage-first heap   total 147456K, used 63384K [0x0000000704800000, 0x0000000800000000)
  region size 2048K, 5 young (10240K), 4 survivors (8192K)
 Metaspace       used 65730K, committed 66048K, reserved 1114112K
  class space    used 7573K, committed 7744K, reserved 1048576K
}
Event: 8.832 GC heap after
{Heap after GC invocations=18 (full 0):
 garbage-first heap   total 178176K, used 62761K [0x0000000704800000, 0x0000000800000000)
  region size 2048K, 1 young (2048K), 1 survivors (2048K)
 Metaspace       used 65730K, committed 66048K, reserved 1114112K
  class space    used 7573K, committed 7744K, reserved 1048576K
}
Event: 10.104 GC heap before
{Heap before GC invocations=18 (full 0):
 garbage-first heap   total 178176K, used 132393K [0x0000000704800000, 0x0000000800000000)
  region size 2048K, 35 young (71680K), 1 survivors (2048K)
 Metaspace       used 71353K, committed 71744K, reserved 1114112K
  class space    used 8123K, committed 8320K, reserved 1048576K
}
Event: 10.117 GC heap after
{Heap after GC invocations=19 (full 0):
 garbage-first heap   total 178176K, used 74937K [0x0000000704800000, 0x0000000800000000)
  region size 2048K, 5 young (10240K), 5 survivors (10240K)
 Metaspace       used 71353K, committed 71744K, reserved 1114112K
  class space    used 8123K, committed 8320K, reserved 1048576K
}
Event: 10.615 GC heap before
{Heap before GC invocations=19 (full 0):
 garbage-first heap   total 178176K, used 134329K [0x0000000704800000, 0x0000000800000000)
  region size 2048K, 34 young (69632K), 5 survivors (10240K)
 Metaspace       used 73908K, committed 74240K, reserved 1122304K
  class space    used 8356K, committed 8512K, reserved 1048576K
}
Event: 10.626 GC heap after
{Heap after GC invocations=20 (full 0):
 garbage-first heap   total 178176K, used 77189K [0x0000000704800000, 0x0000000800000000)
  region size 2048K, 1 young (2048K), 1 survivors (2048K)
 Metaspace       used 73908K, committed 74240K, reserved 1122304K
  class space    used 8356K, committed 8512K, reserved 1048576K
}
Event: 10.854 GC heap before
{Heap before GC invocations=20 (full 0):
 garbage-first heap   total 178176K, used 136581K [0x0000000704800000, 0x0000000800000000)
  region size 2048K, 30 young (61440K), 1 survivors (2048K)
 Metaspace       used 73936K, committed 74240K, reserved 1122304K
  class space    used 8356K, committed 8512K, reserved 1048576K
}
Event: 10.862 GC heap after
{Heap after GC invocations=21 (full 0):
 garbage-first heap   total 178176K, used 77811K [0x0000000704800000, 0x0000000800000000)
  region size 2048K, 2 young (4096K), 2 survivors (4096K)
 Metaspace       used 73936K, committed 74240K, reserved 1122304K
  class space    used 8356K, committed 8512K, reserved 1048576K
}
Event: 11.572 GC heap before
{Heap before GC invocations=21 (full 0):
 garbage-first heap   total 178176K, used 139251K [0x0000000704800000, 0x0000000800000000)
  region size 2048K, 32 young (65536K), 2 survivors (4096K)
 Metaspace       used 76609K, committed 76928K, reserved 1122304K
  class space    used 8611K, committed 8768K, reserved 1048576K
}
Event: 11.580 GC heap after
{Heap after GC invocations=22 (full 0):
 garbage-first heap   total 178176K, used 79493K [0x0000000704800000, 0x0000000800000000)
  region size 2048K, 3 young (6144K), 3 survivors (6144K)
 Metaspace       used 76609K, committed 76928K, reserved 1122304K
  class space    used 8611K, committed 8768K, reserved 1048576K
}

Dll operation events (3 events):
Event: 0.009 Loaded shared library C:\Users\pthel\.jdks\jbr-17.0.6\bin\java.dll
Event: 0.051 Loaded shared library C:\Users\pthel\.jdks\jbr-17.0.6\bin\jsvml.dll
Event: 1.641 Loaded shared library C:\Users\pthel\.jdks\jbr-17.0.6\bin\verify.dll

Deoptimization events (20 events):
Event: 11.810 Thread 0x0000020822d5c3e0 Uncommon trap: trap_request=0xffffffde fr.pc=0x000002082e4dbb1c relative=0x000000000000767c
Event: 11.810 Thread 0x0000020822d5c3e0 Uncommon trap: reason=class_check action=maybe_recompile pc=0x000002082e4dbb1c method=org.jetbrains.org.objectweb.asm.ClassReader.readMethod(Lorg/jetbrains/org/objectweb/asm/ClassVisitor;Lorg/jetbrains/org/objectweb/asm/Context;I)I @ 663 c2
Event: 11.810 Thread 0x0000020822d5c3e0 DEOPT PACKING pc=0x000002082e4dbb1c sp=0x000000e5c3afc0f0
Event: 11.810 Thread 0x0000020822d5c3e0 DEOPT UNPACKING pc=0x000002082d9c69a3 sp=0x000000e5c3afc0b8 mode 2
Event: 11.811 Thread 0x0000020822d5c3e0 Uncommon trap: trap_request=0xffffffde fr.pc=0x000002082e4dbb1c relative=0x000000000000767c
Event: 11.811 Thread 0x0000020822d5c3e0 Uncommon trap: reason=class_check action=maybe_recompile pc=0x000002082e4dbb1c method=org.jetbrains.org.objectweb.asm.ClassReader.readMethod(Lorg/jetbrains/org/objectweb/asm/ClassVisitor;Lorg/jetbrains/org/objectweb/asm/Context;I)I @ 663 c2
Event: 11.811 Thread 0x0000020822d5c3e0 DEOPT PACKING pc=0x000002082e4dbb1c sp=0x000000e5c3afc0f0
Event: 11.811 Thread 0x0000020822d5c3e0 DEOPT UNPACKING pc=0x000002082d9c69a3 sp=0x000000e5c3afc0b8 mode 2
Event: 11.882 Thread 0x0000020822d5c3e0 Uncommon trap: trap_request=0xffffffc6 fr.pc=0x000002082e346f44 relative=0x00000000000062a4
Event: 11.882 Thread 0x0000020822d5c3e0 Uncommon trap: reason=bimorphic_or_optimized_type_check action=maybe_recompile pc=0x000002082e346f44 method=kotlin.collections.CollectionsKt___CollectionsKt.toList(Ljava/lang/Iterable;)Ljava/util/List; @ 71 c2
Event: 11.882 Thread 0x0000020822d5c3e0 DEOPT PACKING pc=0x000002082e346f44 sp=0x000000e5c3afced0
Event: 11.882 Thread 0x0000020822d5c3e0 DEOPT UNPACKING pc=0x000002082d9c69a3 sp=0x000000e5c3afcf20 mode 2
Event: 11.897 Thread 0x0000020822d5c3e0 Uncommon trap: trap_request=0xffffff45 fr.pc=0x000002082e4ef804 relative=0x0000000000000084
Event: 11.897 Thread 0x0000020822d5c3e0 Uncommon trap: reason=unstable_if action=reinterpret pc=0x000002082e4ef804 method=org.jetbrains.org.objectweb.asm.Type.getSize()I @ 4 c2
Event: 11.897 Thread 0x0000020822d5c3e0 DEOPT PACKING pc=0x000002082e4ef804 sp=0x000000e5c3afcfa0
Event: 11.897 Thread 0x0000020822d5c3e0 DEOPT UNPACKING pc=0x000002082d9c69a3 sp=0x000000e5c3afcf30 mode 2
Event: 11.928 Thread 0x0000020822d5c3e0 Uncommon trap: trap_request=0xffffff45 fr.pc=0x000002082e4e2e10 relative=0x0000000000002210
Event: 11.928 Thread 0x0000020822d5c3e0 Uncommon trap: reason=unstable_if action=reinterpret pc=0x000002082e4e2e10 method=org.jetbrains.org.objectweb.asm.Type.appendDescriptor(Ljava/lang/StringBuilder;)V @ 6 c2
Event: 11.928 Thread 0x0000020822d5c3e0 DEOPT PACKING pc=0x000002082e4e2e10 sp=0x000000e5c3afc280
Event: 11.928 Thread 0x0000020822d5c3e0 DEOPT UNPACKING pc=0x000002082d9c69a3 sp=0x000000e5c3afc208 mode 2

Classes unloaded (0 events):
No events

Classes redefined (0 events):
No events

Internal exceptions (20 events):
Event: 4.777 Thread 0x0000020822d5c3e0 Exception <a 'java/lang/NoSuchMethodError'{0x00000007142ebf38}: 'java.lang.Object java.lang.invoke.DirectMethodHandle$Holder.newInvokeSpecial(java.lang.Object, java.lang.Object, int)'> (0x00000007142ebf38) 
thrown [s\src\hotspot\share\interpreter\linkResolver.cpp, line 771]
Event: 5.335 Thread 0x0000020822d5c3e0 Exception <a 'java/lang/NoSuchMethodError'{0x000000070863daa0}: 'java.lang.Object java.lang.invoke.DirectMethodHandle$Holder.newInvokeSpecial(java.lang.Object, java.lang.Object, java.lang.Object, int)'> (0x000000070863daa0) 
thrown [s\src\hotspot\share\interpreter\linkResolver.cpp, line 771]
Event: 5.335 Thread 0x0000020822d5c3e0 Exception <a 'java/lang/NoSuchMethodError'{0x0000000708642128}: 'java.lang.Object java.lang.invoke.DirectMethodHandle$Holder.invokeSpecial(java.lang.Object, java.lang.Object, java.lang.Object, java.lang.Object, int)'> (0x0000000708642128) 
thrown [s\src\hotspot\share\interpreter\linkResolver.cpp, line 771]
Event: 5.335 Thread 0x0000020822d5c3e0 Exception <a 'java/lang/NoSuchMethodError'{0x0000000708645f98}: 'java.lang.Object java.lang.invoke.Invokers$Holder.linkToTargetMethod(java.lang.Object, java.lang.Object, int, java.lang.Object)'> (0x0000000708645f98) 
thrown [s\src\hotspot\share\interpreter\linkResolver.cpp, line 771]
Event: 5.419 Thread 0x0000020822d5c3e0 Exception <a 'java/lang/NoSuchMethodError'{0x00000007083821e0}: 'java.lang.Object java.lang.invoke.DirectMethodHandle$Holder.invokeInterface(java.lang.Object, java.lang.Object)'> (0x00000007083821e0) 
thrown [s\src\hotspot\share\interpreter\linkResolver.cpp, line 771]
Event: 6.033 Thread 0x0000020822d5c3e0 Exception <a 'java/lang/NoSuchMethodError'{0x000000070a71cce8}: 'java.lang.Object java.lang.invoke.DirectMethodHandle$Holder.invokeStaticInit(java.lang.Object, java.lang.Object, java.lang.Object)'> (0x000000070a71cce8) 
thrown [s\src\hotspot\share\interpreter\linkResolver.cpp, line 771]
Event: 6.422 Thread 0x0000020822d5c3e0 Implicit null exception at 0x000002082e10a7ef to 0x000002082e10a9d4
Event: 6.422 Thread 0x0000020822d5c3e0 Implicit null exception at 0x000002082e114a8f to 0x000002082e114b09
Event: 6.820 Thread 0x0000020822d5c3e0 Exception <a 'java/lang/NoSuchMethodError'{0x000000070b741808}: 'java.lang.Object java.lang.invoke.DirectMethodHandle$Holder.invokeSpecial(java.lang.Object, java.lang.Object, java.lang.Object, java.lang.Object, java.lang.Object, java.lang.Object, int)'> (0x000000070b741808) 
thrown [s\src\hotspot\share\interpreter\linkResolver.cpp, line 771]
Event: 6.821 Thread 0x0000020822d5c3e0 Exception <a 'java/lang/NoSuchMethodError'{0x000000070b74e2b0}: 'java.lang.Object java.lang.invoke.DirectMethodHandle$Holder.newInvokeSpecial(java.lang.Object, java.lang.Object, java.lang.Object, java.lang.Object, java.lang.Object, java.lang.Object)'> (0x000000070b74e2b0) 
thrown [s\src\hotspot\share\interpreter\linkResolver.cpp, line 771]
Event: 7.059 Thread 0x0000020822d5c3e0 Exception <a 'java/lang/NoSuchMethodError'{0x000000070a6c4fa0}: 'int java.lang.invoke.DirectMethodHandle$Holder.invokeStaticInit(java.lang.Object, int)'> (0x000000070a6c4fa0) 
thrown [s\src\hotspot\share\interpreter\linkResolver.cpp, line 771]
Event: 7.299 Thread 0x0000020822d5c3e0 Implicit null exception at 0x000002082e24ac4c to 0x000002082e24ad34
Event: 7.350 Thread 0x0000020822d5c3e0 Implicit null exception at 0x000002082e0dbcf2 to 0x000002082e0dc2d8
Event: 7.377 Thread 0x0000020822d5c3e0 Exception <a 'java/lang/NoSuchMethodError'{0x000000070ced1598}: 'java.lang.Object java.lang.invoke.DirectMethodHandle$Holder.invokeInterface(java.lang.Object, java.lang.Object, java.lang.Object)'> (0x000000070ced1598) 
thrown [s\src\hotspot\share\interpreter\linkResolver.cpp, line 771]
Event: 7.377 Thread 0x0000020822d5c3e0 Exception <a 'java/lang/IncompatibleClassChangeError'{0x000000070ced51b0}: Found class java.lang.Object, but interface was expected> (0x000000070ced51b0) 
thrown [s\src\hotspot\share\interpreter\linkResolver.cpp, line 838]
Event: 7.393 Thread 0x0000020822d5c3e0 Implicit null exception at 0x000002082e0dce72 to 0x000002082e0dd46c
Event: 9.150 Thread 0x0000020822d5c3e0 Exception <a 'java/lang/NoSuchMethodError'{0x000000070daa96b8}: 'int java.lang.invoke.DirectMethodHandle$Holder.invokeInterface(java.lang.Object, java.lang.Object)'> (0x000000070daa96b8) 
thrown [s\src\hotspot\share\interpreter\linkResolver.cpp, line 771]
Event: 10.904 Thread 0x0000020822d5c3e0 Exception <a 'java/lang/NoSuchMethodError'{0x000000070f12e678}: 'java.lang.Object java.lang.invoke.DirectMethodHandle$Holder.invokeStatic(java.lang.Object, int, java.lang.Object, java.lang.Object)'> (0x000000070f12e678) 
thrown [s\src\hotspot\share\interpreter\linkResolver.cpp, line 771]
Event: 10.905 Thread 0x0000020822d5c3e0 Exception <a 'java/lang/NoSuchMethodError'{0x000000070f136e20}: 'java.lang.Object java.lang.invoke.DirectMethodHandle$Holder.newInvokeSpecial(java.lang.Object, int, java.lang.Object)'> (0x000000070f136e20) 
thrown [s\src\hotspot\share\interpreter\linkResolver.cpp, line 771]
Event: 10.925 Thread 0x0000020822d5c3e0 Exception <a 'java/lang/NoSuchMethodError'{0x000000070eeb63c8}: 'java.lang.Object java.lang.invoke.DirectMethodHandle$Holder.invokeStatic(java.lang.Object, int, java.lang.Object)'> (0x000000070eeb63c8) 
thrown [s\src\hotspot\share\interpreter\linkResolver.cpp, line 771]

VM Operations (20 events):
Event: 11.063 Executing VM operation: HandshakeAllThreads
Event: 11.063 Executing VM operation: HandshakeAllThreads done
Event: 11.063 Executing VM operation: ICBufferFull
Event: 11.064 Executing VM operation: ICBufferFull done
Event: 11.074 Executing VM operation: HandshakeAllThreads
Event: 11.074 Executing VM operation: HandshakeAllThreads done
Event: 11.080 Executing VM operation: HandshakeAllThreads
Event: 11.080 Executing VM operation: HandshakeAllThreads done
Event: 11.082 Executing VM operation: HandshakeAllThreads
Event: 11.082 Executing VM operation: HandshakeAllThreads done
Event: 11.102 Executing VM operation: HandshakeAllThreads
Event: 11.103 Executing VM operation: HandshakeAllThreads done
Event: 11.135 Executing VM operation: HandshakeAllThreads
Event: 11.135 Executing VM operation: HandshakeAllThreads done
Event: 11.320 Executing VM operation: HandshakeAllThreads
Event: 11.320 Executing VM operation: HandshakeAllThreads done
Event: 11.399 Executing VM operation: ICBufferFull
Event: 11.400 Executing VM operation: ICBufferFull done
Event: 11.572 Executing VM operation: G1CollectForAllocation
Event: 11.580 Executing VM operation: G1CollectForAllocation done

Events (20 events):
Event: 10.431 Thread 0x00000208434e15d0 flushing nmethod 0x00000208277e1010
Event: 10.431 Thread 0x00000208434e15d0 flushing nmethod 0x00000208277e3190
Event: 10.431 Thread 0x00000208434e15d0 flushing nmethod 0x00000208277f0790
Event: 10.431 Thread 0x00000208434e15d0 flushing nmethod 0x00000208277f2e10
Event: 10.431 Thread 0x00000208434e15d0 flushing nmethod 0x0000020827812c90
Event: 10.431 Thread 0x00000208434e15d0 flushing nmethod 0x0000020827814110
Event: 10.431 Thread 0x00000208434e15d0 flushing nmethod 0x0000020827858c10
Event: 10.431 Thread 0x00000208434e15d0 flushing nmethod 0x0000020827882d90
Event: 10.431 Thread 0x00000208434e15d0 flushing nmethod 0x0000020827884010
Event: 10.431 Thread 0x00000208434e15d0 flushing nmethod 0x0000020827885a90
Event: 10.431 Thread 0x00000208434e15d0 flushing nmethod 0x0000020827887b90
Event: 10.431 Thread 0x00000208434e15d0 flushing nmethod 0x000002082788b710
Event: 10.431 Thread 0x00000208434e15d0 flushing nmethod 0x000002082788dc90
Event: 10.431 Thread 0x00000208434e15d0 flushing nmethod 0x000002082788f890
Event: 10.431 Thread 0x00000208434e15d0 flushing nmethod 0x0000020827891410
Event: 10.431 Thread 0x00000208434e15d0 flushing nmethod 0x0000020827893f10
Event: 10.431 Thread 0x00000208434e15d0 flushing nmethod 0x000002082789e210
Event: 10.431 Thread 0x00000208434e15d0 flushing nmethod 0x0000020827918310
Event: 10.569 loading class java/util/concurrent/locks/AbstractQueuedSynchronizer$Node
Event: 10.569 loading class java/util/concurrent/locks/AbstractQueuedSynchronizer$Node done


Dynamic libraries:
0x00007ff7edd30000 - 0x00007ff7edd3a000 	C:\Users\pthel\.jdks\jbr-17.0.6\bin\java.exe
0x00007ffa8f4f0000 - 0x00007ffa8f704000 	C:\windows\SYSTEM32\ntdll.dll
0x00007ffa8eaa0000 - 0x00007ffa8eb62000 	C:\windows\System32\KERNEL32.DLL
0x00007ffa8ca30000 - 0x00007ffa8cdd3000 	C:\windows\System32\KERNELBASE.dll
0x00007ffa8c910000 - 0x00007ffa8ca21000 	C:\windows\System32\ucrtbase.dll
0x00007ffa45ad0000 - 0x00007ffa45aeb000 	C:\Users\pthel\.jdks\jbr-17.0.6\bin\VCRUNTIME140.dll
0x00007ffa46630000 - 0x00007ffa46647000 	C:\Users\pthel\.jdks\jbr-17.0.6\bin\jli.dll
0x00007ffa8eeb0000 - 0x00007ffa8f05b000 	C:\windows\System32\USER32.dll
0x00007ffa8cde0000 - 0x00007ffa8ce06000 	C:\windows\System32\win32u.dll
0x00007ffa69c40000 - 0x00007ffa69ece000 	C:\windows\WinSxS\amd64_microsoft.windows.common-controls_6595b64144ccf1df_6.0.22621.1635_none_270f70857386168e\COMCTL32.dll
0x00007ffa8d2f0000 - 0x00007ffa8d319000 	C:\windows\System32\GDI32.dll
0x00007ffa8e740000 - 0x00007ffa8e7e7000 	C:\windows\System32\msvcrt.dll
0x00007ffa8d1d0000 - 0x00007ffa8d2e8000 	C:\windows\System32\gdi32full.dll
0x00007ffa8cff0000 - 0x00007ffa8d08a000 	C:\windows\System32\msvcp_win.dll
0x00007ffa8ee10000 - 0x00007ffa8ee41000 	C:\windows\System32\IMM32.DLL
0x00007ffa625f0000 - 0x00007ffa625fc000 	C:\Users\pthel\.jdks\jbr-17.0.6\bin\vcruntime140_1.dll
0x00007ffa33fb0000 - 0x00007ffa3403d000 	C:\Users\pthel\.jdks\jbr-17.0.6\bin\msvcp140.dll
0x00007ff9a9ef0000 - 0x00007ff9aab5e000 	C:\Users\pthel\.jdks\jbr-17.0.6\bin\server\jvm.dll
0x00007ffa8f080000 - 0x00007ffa8f12e000 	C:\windows\System32\ADVAPI32.dll
0x00007ffa8f400000 - 0x00007ffa8f4a4000 	C:\windows\System32\sechost.dll
0x00007ffa8f1b0000 - 0x00007ffa8f2c7000 	C:\windows\System32\RPCRT4.dll
0x00007ffa62450000 - 0x00007ffa62459000 	C:\windows\SYSTEM32\WSOCK32.dll
0x00007ffa8f130000 - 0x00007ffa8f1a1000 	C:\windows\System32\WS2_32.dll
0x00007ffa83570000 - 0x00007ffa835a4000 	C:\windows\SYSTEM32\WINMM.dll
0x00007ffa831e0000 - 0x00007ffa831ea000 	C:\windows\SYSTEM32\VERSION.dll
0x00007ffa8ba50000 - 0x00007ffa8ba68000 	C:\windows\SYSTEM32\kernel.appcore.dll
0x00007ffa619d0000 - 0x00007ffa619da000 	C:\Users\pthel\.jdks\jbr-17.0.6\bin\jimage.dll
0x00007ffa89b50000 - 0x00007ffa89d7e000 	C:\windows\SYSTEM32\DBGHELP.DLL
0x00007ffa8d730000 - 0x00007ffa8dab9000 	C:\windows\System32\combase.dll
0x00007ffa8d650000 - 0x00007ffa8d727000 	C:\windows\System32\OLEAUT32.dll
0x00007ffa80af0000 - 0x00007ffa80b22000 	C:\windows\SYSTEM32\dbgcore.DLL
0x00007ffa8d150000 - 0x00007ffa8d1cb000 	C:\windows\System32\bcryptPrimitives.dll
0x00007ffa45760000 - 0x00007ffa45785000 	C:\Users\pthel\.jdks\jbr-17.0.6\bin\java.dll
0x00007ffa3ca60000 - 0x00007ffa3ca78000 	C:\Users\pthel\.jdks\jbr-17.0.6\bin\zip.dll
0x00007ffa30030000 - 0x00007ffa30107000 	C:\Users\pthel\.jdks\jbr-17.0.6\bin\jsvml.dll
0x00007ffa8dac0000 - 0x00007ffa8e2ba000 	C:\windows\System32\SHELL32.dll
0x00007ffa8a8e0000 - 0x00007ffa8b1ae000 	C:\windows\SYSTEM32\windows.storage.dll
0x00007ffa8a7a0000 - 0x00007ffa8a8de000 	C:\windows\SYSTEM32\wintypes.dll
0x00007ffa8eb70000 - 0x00007ffa8ec61000 	C:\windows\System32\SHCORE.dll
0x00007ffa8e9e0000 - 0x00007ffa8ea3e000 	C:\windows\System32\shlwapi.dll
0x00007ffa8c840000 - 0x00007ffa8c861000 	C:\windows\SYSTEM32\profapi.dll
0x00007ffa3c010000 - 0x00007ffa3c029000 	C:\Users\pthel\.jdks\jbr-17.0.6\bin\net.dll
0x00007ffa86d10000 - 0x00007ffa86e47000 	C:\windows\SYSTEM32\WINHTTP.dll
0x00007ffa8bec0000 - 0x00007ffa8bf29000 	C:\windows\system32\mswsock.dll
0x00007ffa355d0000 - 0x00007ffa355e6000 	C:\Users\pthel\.jdks\jbr-17.0.6\bin\nio.dll
0x00007ffa61060000 - 0x00007ffa61070000 	C:\Users\pthel\.jdks\jbr-17.0.6\bin\verify.dll

dbghelp: loaded successfully - version: 4.0.5 - missing functions: none
symbol engine: initialized successfully - sym options: 0x614 - pdb path: .;C:\Users\pthel\.jdks\jbr-17.0.6\bin;C:\windows\SYSTEM32;C:\windows\WinSxS\amd64_microsoft.windows.common-controls_6595b64144ccf1df_6.0.22621.1635_none_270f70857386168e;C:\Users\pthel\.jdks\jbr-17.0.6\bin\server

VM Arguments:
java_command: org.jetbrains.kotlin.cli.jvm.K2JVMCompiler @C:\Users\pthel\Documents\RespalyzerProject\app\build\20230518_10354810098573103107.compiler.options
java_class_path (initial): C:\Users\pthel\.gradle\caches\modules-2\files-2.1\org.jetbrains.kotlin\kotlin-compiler-embeddable\1.8.20\78d9baa57f65babf9e0a93e51f62f26f5f35ac3e\kotlin-compiler-embeddable-1.8.20.jar;C:\Users\pthel\.gradle\caches\modules-2\files-2.1\org.jetbrains.kotlin\kotlin-stdlib\1.8.20\e72fc5e03ec6c064c678a6bd0d955c88d55b0c4a\kotlin-stdlib-1.8.20.jar;C:\Users\pthel\.gradle\caches\modules-2\files-2.1\org.jetbrains.kotlin\kotlin-script-runtime\1.8.20\c850771e723701f9d63dbcf641429c0f29290074\kotlin-script-runtime-1.8.20.jar;C:\Users\pthel\.gradle\caches\modules-2\files-2.1\org.jetbrains.kotlin\kotlin-reflect\1.6.10\1cbe9c92c12a94eea200d23c2bbaedaf3daf5132\kotlin-reflect-1.6.10.jar;C:\Users\pthel\.gradle\caches\modules-2\files-2.1\org.jetbrains.kotlin\kotlin-daemon-embeddable\1.8.20\c1b808fbe5fee60bd0504a54778120ef40f383d4\kotlin-daemon-embeddable-1.8.20.jar;C:\Users\pthel\.gradle\caches\modules-2\files-2.1\org.jetbrains.intellij.deps\trove4j\1.0.20200330\3afb14d5f9ceb459d724e907a21145e8ff394f02\trove4j-1.0.20200330.jar;C:\Users\pthel\.gradle\caches\modules-2\files-2.1\net.java.dev.jna\jna\5.6.0\330f2244e9030119ab3030fc3fededc86713d9cc\jna-5.6.0.jar;C:\Users\pthel\.gradle\caches\modules-2\files-2.1\org.jetbrains.kotlin\kotlin-stdlib-common\1.8.20\5eddaaf234c8c49d03eebeb6a14feb7f90faca71\kotlin-stdlib-common-1.8.20.jar;C:\Users\pthel\.gradle\caches\modules-2\files-2.1\org.jetbrains\annotations\13.0\919f0dfe192fb4e063e7dacadee7f8bb9a2672a9\annotations-13.0.jar
Launcher Type: SUN_STANDARD

[Global flags]
     intx CICompilerCount                          = 12                                        {product} {ergonomic}
     uint ConcGCThreads                            = 4                                         {product} {ergonomic}
     uint G1ConcRefinementThreads                  = 15                                        {product} {ergonomic}
   size_t G1HeapRegionSize                         = 2097152                                   {product} {ergonomic}
    uintx GCDrainStackTargetSize                   = 64                                        {product} {ergonomic}
   size_t InitialHeapSize                          = 264241152                                 {product} {ergonomic}
   size_t MarkStackSize                            = 4194304                                   {product} {ergonomic}
   size_t MaxHeapSize                              = 4219469824                                {product} {ergonomic}
   size_t MaxNewSize                               = 2531262464                                {product} {ergonomic}
   size_t MinHeapDeltaBytes                        = 2097152                                   {product} {ergonomic}
   size_t MinHeapSize                              = 8388608                                   {product} {ergonomic}
    uintx NonNMethodCodeHeapSize                   = 7602480                                {pd product} {ergonomic}
    uintx NonProfiledCodeHeapSize                  = 122027880                              {pd product} {ergonomic}
    uintx ProfiledCodeHeapSize                     = 122027880                              {pd product} {ergonomic}
    uintx ReservedCodeCacheSize                    = 251658240                              {pd product} {ergonomic}
     bool SegmentedCodeCache                       = true                                      {product} {ergonomic}
   size_t SoftMaxHeapSize                          = 4219469824                             {manageable} {ergonomic}
     bool UseCompressedClassPointers               = true                           {product lp64_product} {ergonomic}
     bool UseCompressedOops                        = true                           {product lp64_product} {ergonomic}
     bool UseG1GC                                  = true                                      {product} {ergonomic}
     bool UseLargePagesIndividualAllocation        = false                                  {pd product} {ergonomic}

Logging:
Log output configuration:
 #0: stdout all=warning uptime,level,tags
 #1: stderr all=off uptime,level,tags

Environment Variables:
PATH=C:\windows\System32;C:\Program Files\PostgreSQL\15\bin;C:\Program Files\MySQL\MySQL Shell 8.0\bin\;C:\Users\pthel\AppData\Local\Programs\Microsoft VS Code\bin;C:\Users\pthel\AppData\Roaming\npm;%USERPROFILE%\AppData\Local\Microsoft\WindowsApps;C:\ProgramData\chocolatey\bin;C:\Program Files\Git\cmd;C:\Program Files\nodejs\;C:\postgrest;;C:\Program Files\Git LFS;C:\Program Files\PostgreSQL\15\bin;C:\Program Files\MySQL\MySQL Shell 8.0\bin\;C:\Users\pthel\AppData\Local\Programs\Microsoft VS Code\bin;C:\Users\pthel\AppData\Roaming\npm;%USERPROFILE%\AppData\Local\Microsoft\WindowsApps;C:\ProgramData\chocolatey\bin;C:\Program Files\Git\cmd;C:\Program Files\nodejs\;C:\postgrest;;C:\Program Files\Git LFS;C:\Program Files\PostgreSQL\15\bin;C:\Program Files\MySQL\MySQL Shell 8.0\bin\;C:\Users\pthel\AppData\Local\Programs\Microsoft VS Code\bin;C:\Users\pthel\AppData\Roaming\npm;C:\windows\system32\config\systemprofile\AppData\Local\Microsoft\WindowsApps;C:\ProgramData\chocolatey\bin;C:\Program Files\Git\cmd;C:\Program Files\nodejs\;C:\postgrest;;C:\Program Files\Git LFS;C:\Program Files\MySQL\MySQL Shell 8.0\bin\;C:\Users\pthel\AppData\Local\Microsoft\WindowsApps;C:\Users\pthel\AppData\Local\Programs\Microsoft VS Code\bin;C:\Users\pthel\AppData\Roaming\npm;C:\Program Files\PostgreSQL\15\bin;C:\ProgramData\chocolatey\bin;C:\Program Files\Git\cmd;C:\Program Files\nodejs\;C:\postgrest;
USERNAME=pthel
OS=Windows_NT
PROCESSOR_IDENTIFIER=Intel64 Family 6 Model 154 Stepping 3, GenuineIntel
TMP=C:\Users\pthel\AppData\Local\Temp
TEMP=C:\Users\pthel\AppData\Local\Temp


JNI global refs:
JNI global refs: 19, weak refs: 72

JNI global refs memory usage: 843, weak refs: 1473


---------------  S Y S T E M  ---------------

OS:
 Windows 11 , 64 bit Build 22621 (10.0.22621.1635)
OS uptime: 0 days 6:18 hours
Hyper-V role detected

CPU: total 20 (initial active 20) (10 cores per cpu, 2 threads per core) family 6 model 154 stepping 3 microcode 0x42a, cx8, cmov, fxsr, ht, mmx, 3dnowpref, sse, sse2, sse3, ssse3, sse4.1, sse4.2, popcnt, lzcnt, tsc, tscinvbit, avx, avx2, aes, erms, clmul, bmi1, bmi2, adx, sha, fma, vzeroupper, clflush, clflushopt, clwb, hv

Memory: 4k page, system-wide physical 16095M (122M free)
TotalPageFile size 32479M (AvailPageFile size 1M)
current process WorkingSet (physical memory assigned to process): 391M, peak: 391M
current process commit charge ("private bytes"): 441M, peak: 443M

vm_info: OpenJDK 64-Bit Server VM (17.0.6+10-b829.9) for windows-amd64 JRE (17.0.6+10-b829.9), built on 2023-04-09 by "builduser" with MS VC++ 16.10 / 16.11 (VS2019)

END.
